
> extension-security-analyzer@1.0.0 dev
> tsx src/index.ts

[21:11:42 UTC] [32mINFO[39m: [36mLoaded config.json (version: 1, judges: 2)[39m
    [35mcomponent[39m: "Config"
[21:11:42.816] [32mINFO[39m (63420): [36mServer listening at http://127.0.0.1:8001[39m
[21:11:42 UTC] [32mINFO[39m: [36mLoaded /app/prompts.yaml (version: 1.8)[39m
    [35mcomponent[39m: "Prompts"
[21:11:42 UTC] [32mINFO[39m: [36m
  Extension Security Analyzer (TypeScript)

  Server running at: http://127.0.0.1:8001

  Press Ctrl+C to stop
  [39m
[21:11:44.027] [32mINFO[39m (63420): [36mincoming request[39m
    [35mreqId[39m: "req-1"
    [35mreq[39m: {
      "method": "GET",
      "url": "/api/prompts",
      "host": "127.0.0.1:8001",
      "remoteAddress": "127.0.0.1",
      "remotePort": 51946
    }
[21:11:44.034] [32mINFO[39m (63420): [36mrequest completed[39m
    [35mreqId[39m: "req-1"
    [35mres[39m: {
      "statusCode": 200
    }
    [35mresponseTime[39m: 6.042957999976352
[21:11:44.192] [32mINFO[39m (63420): [36mincoming request[39m
    [35mreqId[39m: "req-2"
    [35mreq[39m: {
      "method": "POST",
      "url": "/api/prompts",
      "host": "127.0.0.1:8001",
      "remoteAddress": "127.0.0.1",
      "remotePort": 51948
    }
[21:11:44.196] [32mINFO[39m (63420): [36mincoming request[39m
    [35mreqId[39m: "req-3"
    [35mreq[39m: {
      "method": "POST",
      "url": "/api/prompts",
      "host": "127.0.0.1:8001",
      "remoteAddress": "127.0.0.1",
      "remotePort": 51954
    }
[21:11:44.198] [32mINFO[39m (63420): [36mincoming request[39m
    [35mreqId[39m: "req-4"
    [35mreq[39m: {
      "method": "POST",
      "url": "/api/prompts",
      "host": "127.0.0.1:8001",
      "remoteAddress": "127.0.0.1",
      "remotePort": 51960
    }
[21:11:44.199] [32mINFO[39m (63420): [36mincoming request[39m
    [35mreqId[39m: "req-5"
    [35mreq[39m: {
      "method": "POST",
      "url": "/api/prompts",
      "host": "127.0.0.1:8001",
      "remoteAddress": "127.0.0.1",
      "remotePort": 51964
    }
[21:11:44.200] [32mINFO[39m (63420): [36mincoming request[39m
    [35mreqId[39m: "req-6"
    [35mreq[39m: {
      "method": "POST",
      "url": "/api/prompts",
      "host": "127.0.0.1:8001",
      "remoteAddress": "127.0.0.1",
      "remotePort": 51974
    }
[21:11:44.202] [32mINFO[39m (63420): [36mincoming request[39m
    [35mreqId[39m: "req-7"
    [35mreq[39m: {
      "method": "POST",
      "url": "/api/prompts",
      "host": "127.0.0.1:8001",
      "remoteAddress": "127.0.0.1",
      "remotePort": 51978
    }
[21:11:44.203] [32mINFO[39m (63420): [36mincoming request[39m
    [35mreqId[39m: "req-8"
    [35mreq[39m: {
      "method": "POST",
      "url": "/api/prompts",
      "host": "127.0.0.1:8001",
      "remoteAddress": "127.0.0.1",
      "remotePort": 51992
    }
[21:11:44.205] [32mINFO[39m (63420): [36mincoming request[39m
    [35mreqId[39m: "req-9"
    [35mreq[39m: {
      "method": "POST",
      "url": "/api/prompts",
      "host": "127.0.0.1:8001",
      "remoteAddress": "127.0.0.1",
      "remotePort": 52006
    }
[21:11:44.208] [32mINFO[39m (63420): [36mincoming request[39m
    [35mreqId[39m: "req-a"
    [35mreq[39m: {
      "method": "POST",
      "url": "/api/prompts",
      "host": "127.0.0.1:8001",
      "remoteAddress": "127.0.0.1",
      "remotePort": 52014
    }
[21:11:44.209] [32mINFO[39m (63420): [36mincoming request[39m
    [35mreqId[39m: "req-b"
    [35mreq[39m: {
      "method": "POST",
      "url": "/api/prompts",
      "host": "127.0.0.1:8001",
      "remoteAddress": "127.0.0.1",
      "remotePort": 52024
    }
[21:11:44.210] [32mINFO[39m (63420): [36mincoming request[39m
    [35mreqId[39m: "req-c"
    [35mreq[39m: {
      "method": "POST",
      "url": "/api/prompts",
      "host": "127.0.0.1:8001",
      "remoteAddress": "127.0.0.1",
      "remotePort": 52038
    }
[21:11:44.211] [32mINFO[39m (63420): [36mincoming request[39m
    [35mreqId[39m: "req-d"
    [35mreq[39m: {
      "method": "POST",
      "url": "/api/prompts",
      "host": "127.0.0.1:8001",
      "remoteAddress": "127.0.0.1",
      "remotePort": 52052
    }
[21:11:44.212] [32mINFO[39m (63420): [36mincoming request[39m
    [35mreqId[39m: "req-e"
    [35mreq[39m: {
      "method": "POST",
      "url": "/api/prompts",
      "host": "127.0.0.1:8001",
      "remoteAddress": "127.0.0.1",
      "remotePort": 52058
    }
[21:11:44.213] [32mINFO[39m (63420): [36mincoming request[39m
    [35mreqId[39m: "req-f"
    [35mreq[39m: {
      "method": "POST",
      "url": "/api/prompts",
      "host": "127.0.0.1:8001",
      "remoteAddress": "127.0.0.1",
      "remotePort": 52064
    }
[21:11:44.214] [32mINFO[39m (63420): [36mincoming request[39m
    [35mreqId[39m: "req-g"
    [35mreq[39m: {
      "method": "POST",
      "url": "/api/prompts",
      "host": "127.0.0.1:8001",
      "remoteAddress": "127.0.0.1",
      "remotePort": 52074
    }
[21:11:44.215] [32mINFO[39m (63420): [36mincoming request[39m
    [35mreqId[39m: "req-h"
    [35mreq[39m: {
      "method": "POST",
      "url": "/api/prompts",
      "host": "127.0.0.1:8001",
      "remoteAddress": "127.0.0.1",
      "remotePort": 52090
    }
[21:11:44.216] [32mINFO[39m (63420): [36mincoming request[39m
    [35mreqId[39m: "req-i"
    [35mreq[39m: {
      "method": "POST",
      "url": "/api/prompts",
      "host": "127.0.0.1:8001",
      "remoteAddress": "127.0.0.1",
      "remotePort": 52106
    }
[21:11:44.218] [32mINFO[39m (63420): [36mincoming request[39m
    [35mreqId[39m: "req-j"
    [35mreq[39m: {
      "method": "POST",
      "url": "/api/prompts",
      "host": "127.0.0.1:8001",
      "remoteAddress": "127.0.0.1",
      "remotePort": 52120
    }
[21:11:44.219] [32mINFO[39m (63420): [36mrequest completed[39m
    [35mreqId[39m: "req-2"
    [35mres[39m: {
      "statusCode": 200
    }
    [35mresponseTime[39m: 26.870318999979645
[21:11:44.220] [32mINFO[39m (63420): [36mrequest completed[39m
    [35mreqId[39m: "req-3"
    [35mres[39m: {
      "statusCode": 200
    }
    [35mresponseTime[39m: 23.598021999932826
[21:11:44.220] [32mINFO[39m (63420): [36mrequest completed[39m
    [35mreqId[39m: "req-4"
    [35mres[39m: {
      "statusCode": 200
    }
    [35mresponseTime[39m: 22.297430000035092
[21:11:44.220] [32mINFO[39m (63420): [36mrequest completed[39m
    [35mreqId[39m: "req-5"
    [35mres[39m: {
      "statusCode": 200
    }
    [35mresponseTime[39m: 21.350069999927655
[21:11:44.221] [32mINFO[39m (63420): [36mrequest completed[39m
    [35mreqId[39m: "req-6"
    [35mres[39m: {
      "statusCode": 200
    }
    [35mresponseTime[39m: 20.270708999829367
[21:11:44.221] [32mINFO[39m (63420): [36mrequest completed[39m
    [35mreqId[39m: "req-7"
    [35mres[39m: {
      "statusCode": 200
    }
    [35mresponseTime[39m: 19.492492999881506
[21:11:44.222] [32mINFO[39m (63420): [36mincoming request[39m
    [35mreqId[39m: "req-k"
    [35mreq[39m: {
      "method": "POST",
      "url": "/api/prompts",
      "host": "127.0.0.1:8001",
      "remoteAddress": "127.0.0.1",
      "remotePort": 52130
    }
[21:11:44.223] [32mINFO[39m (63420): [36mincoming request[39m
    [35mreqId[39m: "req-l"
    [35mreq[39m: {
      "method": "POST",
      "url": "/api/prompts",
      "host": "127.0.0.1:8001",
      "remoteAddress": "127.0.0.1",
      "remotePort": 52144
    }
[21:11:44.225] [32mINFO[39m (63420): [36mincoming request[39m
    [35mreqId[39m: "req-m"
    [35mreq[39m: {
      "method": "POST",
      "url": "/api/prompts",
      "host": "127.0.0.1:8001",
      "remoteAddress": "127.0.0.1",
      "remotePort": 52156
    }
[21:11:44.226] [32mINFO[39m (63420): [36mincoming request[39m
    [35mreqId[39m: "req-n"
    [35mreq[39m: {
      "method": "POST",
      "url": "/api/prompts",
      "host": "127.0.0.1:8001",
      "remoteAddress": "127.0.0.1",
      "remotePort": 52160
    }
[21:11:44.227] [32mINFO[39m (63420): [36mincoming request[39m
    [35mreqId[39m: "req-o"
    [35mreq[39m: {
      "method": "POST",
      "url": "/api/prompts",
      "host": "127.0.0.1:8001",
      "remoteAddress": "127.0.0.1",
      "remotePort": 52170
    }
[21:11:44.228] [32mINFO[39m (63420): [36mincoming request[39m
    [35mreqId[39m: "req-p"
    [35mreq[39m: {
      "method": "POST",
      "url": "/api/prompts",
      "host": "127.0.0.1:8001",
      "remoteAddress": "127.0.0.1",
      "remotePort": 52176
    }
[21:11:44.229] [32mINFO[39m (63420): [36mincoming request[39m
    [35mreqId[39m: "req-q"
    [35mreq[39m: {
      "method": "POST",
      "url": "/api/prompts",
      "host": "127.0.0.1:8001",
      "remoteAddress": "127.0.0.1",
      "remotePort": 52184
    }
[21:11:44.231] [32mINFO[39m (63420): [36mincoming request[39m
    [35mreqId[39m: "req-r"
    [35mreq[39m: {
      "method": "POST",
      "url": "/api/prompts",
      "host": "127.0.0.1:8001",
      "remoteAddress": "127.0.0.1",
      "remotePort": 52196
    }
[21:11:44.232] [32mINFO[39m (63420): [36mincoming request[39m
    [35mreqId[39m: "req-s"
    [35mreq[39m: {
      "method": "POST",
      "url": "/api/prompts",
      "host": "127.0.0.1:8001",
      "remoteAddress": "127.0.0.1",
      "remotePort": 52212
    }
[21:11:44.233] [32mINFO[39m (63420): [36mincoming request[39m
    [35mreqId[39m: "req-t"
    [35mreq[39m: {
      "method": "POST",
      "url": "/api/prompts",
      "host": "127.0.0.1:8001",
      "remoteAddress": "127.0.0.1",
      "remotePort": 52222
    }
[21:11:44.234] [32mINFO[39m (63420): [36mincoming request[39m
    [35mreqId[39m: "req-u"
    [35mreq[39m: {
      "method": "POST",
      "url": "/api/prompts",
      "host": "127.0.0.1:8001",
      "remoteAddress": "127.0.0.1",
      "remotePort": 52236
    }
[21:11:44.235] [32mINFO[39m (63420): [36mincoming request[39m
    [35mreqId[39m: "req-v"
    [35mreq[39m: {
      "method": "POST",
      "url": "/api/prompts",
      "host": "127.0.0.1:8001",
      "remoteAddress": "127.0.0.1",
      "remotePort": 52244
    }
[21:11:44.237] [32mINFO[39m (63420): [36mincoming request[39m
    [35mreqId[39m: "req-w"
    [35mreq[39m: {
      "method": "POST",
      "url": "/api/prompts",
      "host": "127.0.0.1:8001",
      "remoteAddress": "127.0.0.1",
      "remotePort": 52248
    }
[21:11:44.238] [32mINFO[39m (63420): [36mincoming request[39m
    [35mreqId[39m: "req-x"
    [35mreq[39m: {
      "method": "POST",
      "url": "/api/prompts",
      "host": "127.0.0.1:8001",
      "remoteAddress": "127.0.0.1",
      "remotePort": 52258
    }
[21:11:44.239] [32mINFO[39m (63420): [36mincoming request[39m
    [35mreqId[39m: "req-y"
    [35mreq[39m: {
      "method": "POST",
      "url": "/api/prompts",
      "host": "127.0.0.1:8001",
      "remoteAddress": "127.0.0.1",
      "remotePort": 52262
    }
[21:11:44.240] [32mINFO[39m (63420): [36mincoming request[39m
    [35mreqId[39m: "req-z"
    [35mreq[39m: {
      "method": "POST",
      "url": "/api/prompts",
      "host": "127.0.0.1:8001",
      "remoteAddress": "127.0.0.1",
      "remotePort": 52274
    }
[21:11:44.242] [32mINFO[39m (63420): [36mincoming request[39m
    [35mreqId[39m: "req-10"
    [35mreq[39m: {
      "method": "POST",
      "url": "/api/prompts",
      "host": "127.0.0.1:8001",
      "remoteAddress": "127.0.0.1",
      "remotePort": 52276
    }
[21:11:44.243] [32mINFO[39m (63420): [36mincoming request[39m
    [35mreqId[39m: "req-11"
    [35mreq[39m: {
      "method": "POST",
      "url": "/api/prompts",
      "host": "127.0.0.1:8001",
      "remoteAddress": "127.0.0.1",
      "remotePort": 52282
    }
[21:11:44.244] [32mINFO[39m (63420): [36mincoming request[39m
    [35mreqId[39m: "req-12"
    [35mreq[39m: {
      "method": "POST",
      "url": "/api/prompts",
      "host": "127.0.0.1:8001",
      "remoteAddress": "127.0.0.1",
      "remotePort": 52294
    }
[21:11:44.245] [32mINFO[39m (63420): [36mincoming request[39m
    [35mreqId[39m: "req-13"
    [35mreq[39m: {
      "method": "POST",
      "url": "/api/prompts",
      "host": "127.0.0.1:8001",
      "remoteAddress": "127.0.0.1",
      "remotePort": 52298
    }
[21:11:44.246] [32mINFO[39m (63420): [36mincoming request[39m
    [35mreqId[39m: "req-14"
    [35mreq[39m: {
      "method": "POST",
      "url": "/api/prompts",
      "host": "127.0.0.1:8001",
      "remoteAddress": "127.0.0.1",
      "remotePort": 52306
    }
[21:11:44.248] [32mINFO[39m (63420): [36mincoming request[39m
    [35mreqId[39m: "req-15"
    [35mreq[39m: {
      "method": "POST",
      "url": "/api/prompts",
      "host": "127.0.0.1:8001",
      "remoteAddress": "127.0.0.1",
      "remotePort": 52314
    }
[21:11:44.253] [32mINFO[39m (63420): [36mincoming request[39m
    [35mreqId[39m: "req-16"
    [35mreq[39m: {
      "method": "POST",
      "url": "/api/prompts",
      "host": "127.0.0.1:8001",
      "remoteAddress": "127.0.0.1",
      "remotePort": 52322
    }
[21:11:44.253] [32mINFO[39m (63420): [36mincoming request[39m
    [35mreqId[39m: "req-17"
    [35mreq[39m: {
      "method": "POST",
      "url": "/api/prompts",
      "host": "127.0.0.1:8001",
      "remoteAddress": "127.0.0.1",
      "remotePort": 52324
    }
[21:11:44.254] [32mINFO[39m (63420): [36mincoming request[39m
    [35mreqId[39m: "req-18"
    [35mreq[39m: {
      "method": "POST",
      "url": "/api/prompts",
      "host": "127.0.0.1:8001",
      "remoteAddress": "127.0.0.1",
      "remotePort": 52326
    }
[21:11:44.255] [32mINFO[39m (63420): [36mincoming request[39m
    [35mreqId[39m: "req-19"
    [35mreq[39m: {
      "method": "POST",
      "url": "/api/prompts",
      "host": "127.0.0.1:8001",
      "remoteAddress": "127.0.0.1",
      "remotePort": 52340
    }
[21:11:44.256] [32mINFO[39m (63420): [36mincoming request[39m
    [35mreqId[39m: "req-1a"
    [35mreq[39m: {
      "method": "POST",
      "url": "/api/prompts",
      "host": "127.0.0.1:8001",
      "remoteAddress": "127.0.0.1",
      "remotePort": 52342
    }
[21:11:44.257] [32mINFO[39m (63420): [36mincoming request[39m
    [35mreqId[39m: "req-1b"
    [35mreq[39m: {
      "method": "POST",
      "url": "/api/prompts",
      "host": "127.0.0.1:8001",
      "remoteAddress": "127.0.0.1",
      "remotePort": 52358
    }
[21:11:44.259] [32mINFO[39m (63420): [36mrequest completed[39m
    [35mreqId[39m: "req-8"
    [35mres[39m: {
      "statusCode": 200
    }
    [35mresponseTime[39m: 55.72981200017966
[21:11:44.259] [32mINFO[39m (63420): [36mrequest completed[39m
    [35mreqId[39m: "req-9"
    [35mres[39m: {
      "statusCode": 200
    }
    [35mresponseTime[39m: 54.45301800011657
[21:11:44.262] [32mINFO[39m (63420): [36mincoming request[39m
    [35mreqId[39m: "req-1c"
    [35mreq[39m: {
      "method": "POST",
      "url": "/api/prompts",
      "host": "127.0.0.1:8001",
      "remoteAddress": "127.0.0.1",
      "remotePort": 52360
    }
[21:11:44.263] [32mINFO[39m (63420): [36mincoming request[39m
    [35mreqId[39m: "req-1d"
    [35mreq[39m: {
      "method": "POST",
      "url": "/api/prompts",
      "host": "127.0.0.1:8001",
      "remoteAddress": "127.0.0.1",
      "remotePort": 52364
    }
[21:11:44.264] [32mINFO[39m (63420): [36mincoming request[39m
    [35mreqId[39m: "req-1e"
    [35mreq[39m: {
      "method": "POST",
      "url": "/api/prompts",
      "host": "127.0.0.1:8001",
      "remoteAddress": "127.0.0.1",
      "remotePort": 52378
    }
[21:11:44.265] [32mINFO[39m (63420): [36mincoming request[39m
    [35mreqId[39m: "req-1f"
    [35mreq[39m: {
      "method": "POST",
      "url": "/api/prompts",
      "host": "127.0.0.1:8001",
      "remoteAddress": "127.0.0.1",
      "remotePort": 52390
    }
[21:11:44.266] [32mINFO[39m (63420): [36mincoming request[39m
    [35mreqId[39m: "req-1g"
    [35mreq[39m: {
      "method": "POST",
      "url": "/api/prompts",
      "host": "127.0.0.1:8001",
      "remoteAddress": "127.0.0.1",
      "remotePort": 52398
    }
[21:11:44.267] [32mINFO[39m (63420): [36mincoming request[39m
    [35mreqId[39m: "req-1h"
    [35mreq[39m: {
      "method": "POST",
      "url": "/api/prompts",
      "host": "127.0.0.1:8001",
      "remoteAddress": "127.0.0.1",
      "remotePort": 52414
    }
[21:11:44.268] [32mINFO[39m (63420): [36mincoming request[39m
    [35mreqId[39m: "req-1i"
    [35mreq[39m: {
      "method": "POST",
      "url": "/api/prompts",
      "host": "127.0.0.1:8001",
      "remoteAddress": "127.0.0.1",
      "remotePort": 52430
    }
[21:11:44.269] [32mINFO[39m (63420): [36mincoming request[39m
    [35mreqId[39m: "req-1j"
    [35mreq[39m: {
      "method": "POST",
      "url": "/api/prompts",
      "host": "127.0.0.1:8001",
      "remoteAddress": "127.0.0.1",
      "remotePort": 52440
    }
[21:11:44.270] [32mINFO[39m (63420): [36mincoming request[39m
    [35mreqId[39m: "req-1k"
    [35mreq[39m: {
      "method": "POST",
      "url": "/api/prompts",
      "host": "127.0.0.1:8001",
      "remoteAddress": "127.0.0.1",
      "remotePort": 52454
    }
[21:11:44.271] [32mINFO[39m (63420): [36mincoming request[39m
    [35mreqId[39m: "req-1l"
    [35mreq[39m: {
      "method": "POST",
      "url": "/api/prompts",
      "host": "127.0.0.1:8001",
      "remoteAddress": "127.0.0.1",
      "remotePort": 52470
    }
[21:11:44.271] [32mINFO[39m (63420): [36mincoming request[39m
    [35mreqId[39m: "req-1m"
    [35mreq[39m: {
      "method": "POST",
      "url": "/api/prompts",
      "host": "127.0.0.1:8001",
      "remoteAddress": "127.0.0.1",
      "remotePort": 52472
    }
[21:11:44.272] [32mINFO[39m (63420): [36mincoming request[39m
    [35mreqId[39m: "req-1n"
    [35mreq[39m: {
      "method": "POST",
      "url": "/api/prompts",
      "host": "127.0.0.1:8001",
      "remoteAddress": "127.0.0.1",
      "remotePort": 52488
    }
[21:11:44.273] [32mINFO[39m (63420): [36mincoming request[39m
    [35mreqId[39m: "req-1o"
    [35mreq[39m: {
      "method": "POST",
      "url": "/api/prompts",
      "host": "127.0.0.1:8001",
      "remoteAddress": "127.0.0.1",
      "remotePort": 52490
    }
[21:11:44.274] [32mINFO[39m (63420): [36mincoming request[39m
    [35mreqId[39m: "req-1p"
    [35mreq[39m: {
      "method": "POST",
      "url": "/api/prompts",
      "host": "127.0.0.1:8001",
      "remoteAddress": "127.0.0.1",
      "remotePort": 52492
    }
[21:11:44.275] [32mINFO[39m (63420): [36mincoming request[39m
    [35mreqId[39m: "req-1q"
    [35mreq[39m: {
      "method": "POST",
      "url": "/api/prompts",
      "host": "127.0.0.1:8001",
      "remoteAddress": "127.0.0.1",
      "remotePort": 52502
    }
[21:11:44.276] [32mINFO[39m (63420): [36mincoming request[39m
    [35mreqId[39m: "req-1r"
    [35mreq[39m: {
      "method": "POST",
      "url": "/api/prompts",
      "host": "127.0.0.1:8001",
      "remoteAddress": "127.0.0.1",
      "remotePort": 52518
    }
[21:11:44.277] [32mINFO[39m (63420): [36mincoming request[39m
    [35mreqId[39m: "req-1s"
    [35mreq[39m: {
      "method": "POST",
      "url": "/api/prompts",
      "host": "127.0.0.1:8001",
      "remoteAddress": "127.0.0.1",
      "remotePort": 52520
    }
[21:11:44.278] [32mINFO[39m (63420): [36mincoming request[39m
    [35mreqId[39m: "req-1t"
    [35mreq[39m: {
      "method": "POST",
      "url": "/api/prompts",
      "host": "127.0.0.1:8001",
      "remoteAddress": "127.0.0.1",
      "remotePort": 52532
    }
[21:11:44.279] [32mINFO[39m (63420): [36mincoming request[39m
    [35mreqId[39m: "req-1u"
    [35mreq[39m: {
      "method": "POST",
      "url": "/api/prompts",
      "host": "127.0.0.1:8001",
      "remoteAddress": "127.0.0.1",
      "remotePort": 52534
    }
[21:11:44.280] [32mINFO[39m (63420): [36mincoming request[39m
    [35mreqId[39m: "req-1v"
    [35mreq[39m: {
      "method": "POST",
      "url": "/api/prompts",
      "host": "127.0.0.1:8001",
      "remoteAddress": "127.0.0.1",
      "remotePort": 52536
    }
[21:11:44.281] [32mINFO[39m (63420): [36mincoming request[39m
    [35mreqId[39m: "req-1w"
    [35mreq[39m: {
      "method": "POST",
      "url": "/api/prompts",
      "host": "127.0.0.1:8001",
      "remoteAddress": "127.0.0.1",
      "remotePort": 52546
    }
[21:11:44.282] [32mINFO[39m (63420): [36mincoming request[39m
    [35mreqId[39m: "req-1x"
    [35mreq[39m: {
      "method": "POST",
      "url": "/api/prompts",
      "host": "127.0.0.1:8001",
      "remoteAddress": "127.0.0.1",
      "remotePort": 52558
    }
[21:11:44.283] [32mINFO[39m (63420): [36mincoming request[39m
    [35mreqId[39m: "req-1y"
    [35mreq[39m: {
      "method": "POST",
      "url": "/api/prompts",
      "host": "127.0.0.1:8001",
      "remoteAddress": "127.0.0.1",
      "remotePort": 52564
    }
[21:11:44.284] [32mINFO[39m (63420): [36mincoming request[39m
    [35mreqId[39m: "req-1z"
    [35mreq[39m: {
      "method": "POST",
      "url": "/api/prompts",
      "host": "127.0.0.1:8001",
      "remoteAddress": "127.0.0.1",
      "remotePort": 52580
    }
[21:11:44.285] [32mINFO[39m (63420): [36mincoming request[39m
    [35mreqId[39m: "req-20"
    [35mreq[39m: {
      "method": "POST",
      "url": "/api/prompts",
      "host": "127.0.0.1:8001",
      "remoteAddress": "127.0.0.1",
      "remotePort": 52592
    }
[21:11:44.286] [32mINFO[39m (63420): [36mincoming request[39m
    [35mreqId[39m: "req-21"
    [35mreq[39m: {
      "method": "POST",
      "url": "/api/prompts",
      "host": "127.0.0.1:8001",
      "remoteAddress": "127.0.0.1",
      "remotePort": 52606
    }
[21:11:44.288] [32mINFO[39m (63420): [36mincoming request[39m
    [35mreqId[39m: "req-22"
    [35mreq[39m: {
      "method": "POST",
      "url": "/api/prompts",
      "host": "127.0.0.1:8001",
      "remoteAddress": "127.0.0.1",
      "remotePort": 52608
    }
[21:11:44.289] [32mINFO[39m (63420): [36mincoming request[39m
    [35mreqId[39m: "req-23"
    [35mreq[39m: {
      "method": "POST",
      "url": "/api/prompts",
      "host": "127.0.0.1:8001",
      "remoteAddress": "127.0.0.1",
      "remotePort": 52622
    }
[21:11:44.295] [32mINFO[39m (63420): [36mincoming request[39m
    [35mreqId[39m: "req-24"
    [35mreq[39m: {
      "method": "POST",
      "url": "/api/prompts",
      "host": "127.0.0.1:8001",
      "remoteAddress": "127.0.0.1",
      "remotePort": 52632
    }
[21:11:44.296] [32mINFO[39m (63420): [36mincoming request[39m
    [35mreqId[39m: "req-25"
    [35mreq[39m: {
      "method": "POST",
      "url": "/api/prompts",
      "host": "127.0.0.1:8001",
      "remoteAddress": "127.0.0.1",
      "remotePort": 52638
    }
[21:11:44.297] [32mINFO[39m (63420): [36mincoming request[39m
    [35mreqId[39m: "req-26"
    [35mreq[39m: {
      "method": "POST",
      "url": "/api/prompts",
      "host": "127.0.0.1:8001",
      "remoteAddress": "127.0.0.1",
      "remotePort": 52642
    }
[21:11:44.298] [32mINFO[39m (63420): [36mincoming request[39m
    [35mreqId[39m: "req-27"
    [35mreq[39m: {
      "method": "POST",
      "url": "/api/prompts",
      "host": "127.0.0.1:8001",
      "remoteAddress": "127.0.0.1",
      "remotePort": 52654
    }
[21:11:44.299] [32mINFO[39m (63420): [36mincoming request[39m
    [35mreqId[39m: "req-28"
    [35mreq[39m: {
      "method": "POST",
      "url": "/api/prompts",
      "host": "127.0.0.1:8001",
      "remoteAddress": "127.0.0.1",
      "remotePort": 52670
    }
[21:11:44.299] [32mINFO[39m (63420): [36mincoming request[39m
    [35mreqId[39m: "req-29"
    [35mreq[39m: {
      "method": "POST",
      "url": "/api/prompts",
      "host": "127.0.0.1:8001",
      "remoteAddress": "127.0.0.1",
      "remotePort": 52686
    }
[21:11:44.300] [32mINFO[39m (63420): [36mincoming request[39m
    [35mreqId[39m: "req-2a"
    [35mreq[39m: {
      "method": "POST",
      "url": "/api/prompts",
      "host": "127.0.0.1:8001",
      "remoteAddress": "127.0.0.1",
      "remotePort": 52692
    }
[21:11:44.301] [32mINFO[39m (63420): [36mincoming request[39m
    [35mreqId[39m: "req-2b"
    [35mreq[39m: {
      "method": "POST",
      "url": "/api/prompts",
      "host": "127.0.0.1:8001",
      "remoteAddress": "127.0.0.1",
      "remotePort": 52702
    }
[21:11:44.302] [32mINFO[39m (63420): [36mincoming request[39m
    [35mreqId[39m: "req-2c"
    [35mreq[39m: {
      "method": "POST",
      "url": "/api/prompts",
      "host": "127.0.0.1:8001",
      "remoteAddress": "127.0.0.1",
      "remotePort": 52712
    }
[21:11:44.303] [32mINFO[39m (63420): [36mincoming request[39m
    [35mreqId[39m: "req-2d"
    [35mreq[39m: {
      "method": "POST",
      "url": "/api/prompts",
      "host": "127.0.0.1:8001",
      "remoteAddress": "127.0.0.1",
      "remotePort": 52724
    }
[21:11:44.304] [32mINFO[39m (63420): [36mincoming request[39m
    [35mreqId[39m: "req-2e"
    [35mreq[39m: {
      "method": "POST",
      "url": "/api/prompts",
      "host": "127.0.0.1:8001",
      "remoteAddress": "127.0.0.1",
      "remotePort": 52740
    }
[21:11:44.305] [32mINFO[39m (63420): [36mincoming request[39m
    [35mreqId[39m: "req-2f"
    [35mreq[39m: {
      "method": "POST",
      "url": "/api/prompts",
      "host": "127.0.0.1:8001",
      "remoteAddress": "127.0.0.1",
      "remotePort": 52744
    }
[21:11:44.306] [32mINFO[39m (63420): [36mincoming request[39m
    [35mreqId[39m: "req-2g"
    [35mreq[39m: {
      "method": "POST",
      "url": "/api/prompts",
      "host": "127.0.0.1:8001",
      "remoteAddress": "127.0.0.1",
      "remotePort": 52754
    }
[21:11:44.306] [32mINFO[39m (63420): [36mincoming request[39m
    [35mreqId[39m: "req-2h"
    [35mreq[39m: {
      "method": "POST",
      "url": "/api/prompts",
      "host": "127.0.0.1:8001",
      "remoteAddress": "127.0.0.1",
      "remotePort": 52762
    }
[21:11:44.307] [32mINFO[39m (63420): [36mincoming request[39m
    [35mreqId[39m: "req-2i"
    [35mreq[39m: {
      "method": "POST",
      "url": "/api/prompts",
      "host": "127.0.0.1:8001",
      "remoteAddress": "127.0.0.1",
      "remotePort": 52778
    }
[21:11:44.308] [32mINFO[39m (63420): [36mincoming request[39m
    [35mreqId[39m: "req-2j"
    [35mreq[39m: {
      "method": "POST",
      "url": "/api/prompts",
      "host": "127.0.0.1:8001",
      "remoteAddress": "127.0.0.1",
      "remotePort": 52780
    }
[21:11:44.309] [32mINFO[39m (63420): [36mincoming request[39m
    [35mreqId[39m: "req-2k"
    [35mreq[39m: {
      "method": "POST",
      "url": "/api/prompts",
      "host": "127.0.0.1:8001",
      "remoteAddress": "127.0.0.1",
      "remotePort": 52784
    }
[21:11:44.310] [32mINFO[39m (63420): [36mincoming request[39m
    [35mreqId[39m: "req-2l"
    [35mreq[39m: {
      "method": "POST",
      "url": "/api/prompts",
      "host": "127.0.0.1:8001",
      "remoteAddress": "127.0.0.1",
      "remotePort": 52790
    }
[21:11:44.311] [32mINFO[39m (63420): [36mincoming request[39m
    [35mreqId[39m: "req-2m"
    [35mreq[39m: {
      "method": "POST",
      "url": "/api/prompts",
      "host": "127.0.0.1:8001",
      "remoteAddress": "127.0.0.1",
      "remotePort": 52796
    }
[21:11:44.312] [32mINFO[39m (63420): [36mincoming request[39m
    [35mreqId[39m: "req-2n"
    [35mreq[39m: {
      "method": "POST",
      "url": "/api/prompts",
      "host": "127.0.0.1:8001",
      "remoteAddress": "127.0.0.1",
      "remotePort": 52800
    }
[21:11:44.313] [32mINFO[39m (63420): [36mincoming request[39m
    [35mreqId[39m: "req-2o"
    [35mreq[39m: {
      "method": "POST",
      "url": "/api/prompts",
      "host": "127.0.0.1:8001",
      "remoteAddress": "127.0.0.1",
      "remotePort": 52806
    }
[21:11:44.313] [32mINFO[39m (63420): [36mincoming request[39m
    [35mreqId[39m: "req-2p"
    [35mreq[39m: {
      "method": "POST",
      "url": "/api/prompts",
      "host": "127.0.0.1:8001",
      "remoteAddress": "127.0.0.1",
      "remotePort": 52808
    }
[21:11:44.314] [32mINFO[39m (63420): [36mincoming request[39m
    [35mreqId[39m: "req-2q"
    [35mreq[39m: {
      "method": "POST",
      "url": "/api/prompts",
      "host": "127.0.0.1:8001",
      "remoteAddress": "127.0.0.1",
      "remotePort": 52812
    }
[21:11:44.315] [32mINFO[39m (63420): [36mincoming request[39m
    [35mreqId[39m: "req-2r"
    [35mreq[39m: {
      "method": "POST",
      "url": "/api/prompts",
      "host": "127.0.0.1:8001",
      "remoteAddress": "127.0.0.1",
      "remotePort": 52828
    }
[21:11:44.316] [32mINFO[39m (63420): [36mincoming request[39m
    [35mreqId[39m: "req-2s"
    [35mreq[39m: {
      "method": "POST",
      "url": "/api/prompts",
      "host": "127.0.0.1:8001",
      "remoteAddress": "127.0.0.1",
      "remotePort": 52830
    }
[21:11:44.317] [32mINFO[39m (63420): [36mincoming request[39m
    [35mreqId[39m: "req-2t"
    [35mreq[39m: {
      "method": "POST",
      "url": "/api/prompts",
      "host": "127.0.0.1:8001",
      "remoteAddress": "127.0.0.1",
      "remotePort": 52846
    }
[21:11:44.319] [32mINFO[39m (63420): [36mrequest completed[39m
    [35mreqId[39m: "req-a"
    [35mres[39m: {
      "statusCode": 200
    }
    [35mresponseTime[39m: 110.9412420000881
[21:11:44.319] [32mINFO[39m (63420): [36mrequest completed[39m
    [35mreqId[39m: "req-b"
    [35mres[39m: {
      "statusCode": 200
    }
    [35mresponseTime[39m: 109.51342700002715
[21:11:44.319] [32mINFO[39m (63420): [36mrequest completed[39m
    [35mreqId[39m: "req-c"
    [35mres[39m: {
      "statusCode": 200
    }
    [35mresponseTime[39m: 108.68649400002323
[21:11:44.319] [32mINFO[39m (63420): [36mrequest completed[39m
    [35mreqId[39m: "req-d"
    [35mres[39m: {
      "statusCode": 200
    }
    [35mresponseTime[39m: 107.90147299994715
[21:11:44.319] [32mINFO[39m (63420): [36mrequest completed[39m
    [35mreqId[39m: "req-e"
    [35mres[39m: {
      "statusCode": 200
    }
    [35mresponseTime[39m: 106.82672799983993
[21:11:44.319] [32mINFO[39m (63420): [36mrequest completed[39m
    [35mreqId[39m: "req-f"
    [35mres[39m: {
      "statusCode": 200
    }
    [35mresponseTime[39m: 105.9618120000232
[21:11:44.320] [32mINFO[39m (63420): [36mrequest completed[39m
    [35mreqId[39m: "req-g"
    [35mres[39m: {
      "statusCode": 200
    }
    [35mresponseTime[39m: 105.19899200019427
[21:11:44.320] [32mINFO[39m (63420): [36mrequest completed[39m
    [35mreqId[39m: "req-h"
    [35mres[39m: {
      "statusCode": 200
    }
    [35mresponseTime[39m: 104.40755999996327
[21:11:44.320] [32mINFO[39m (63420): [36mrequest completed[39m
    [35mreqId[39m: "req-i"
    [35mres[39m: {
      "statusCode": 200
    }
    [35mresponseTime[39m: 103.4035660000518
[21:11:44.320] [32mINFO[39m (63420): [36mrequest completed[39m
    [35mreqId[39m: "req-j"
    [35mres[39m: {
      "statusCode": 200
    }
    [35mresponseTime[39m: 102.46954600000754
[21:11:44.321] [32mINFO[39m (63420): [36mrequest completed[39m
    [35mreqId[39m: "req-k"
    [35mres[39m: {
      "statusCode": 200
    }
    [35mresponseTime[39m: 99.29523899988271
[21:11:44.322] [32mINFO[39m (63420): [36mrequest completed[39m
    [35mreqId[39m: "req-l"
    [35mres[39m: {
      "statusCode": 200
    }
    [35mresponseTime[39m: 98.22726400010288
[21:11:44.322] [32mINFO[39m (63420): [36mrequest completed[39m
    [35mreqId[39m: "req-m"
    [35mres[39m: {
      "statusCode": 200
    }
    [35mresponseTime[39m: 97.10558800003491
[21:11:44.322] [32mINFO[39m (63420): [36mrequest completed[39m
    [35mreqId[39m: "req-n"
    [35mres[39m: {
      "statusCode": 200
    }
    [35mresponseTime[39m: 96.14463100000285
[21:11:44.322] [32mINFO[39m (63420): [36mrequest completed[39m
    [35mreqId[39m: "req-o"
    [35mres[39m: {
      "statusCode": 200
    }
    [35mresponseTime[39m: 95.06507500004955
[21:11:44.322] [32mINFO[39m (63420): [36mrequest completed[39m
    [35mreqId[39m: "req-p"
    [35mres[39m: {
      "statusCode": 200
    }
    [35mresponseTime[39m: 93.92425099993125
[21:11:44.322] [32mINFO[39m (63420): [36mrequest completed[39m
    [35mreqId[39m: "req-q"
    [35mres[39m: {
      "statusCode": 200
    }
    [35mresponseTime[39m: 92.85789799992926
[21:11:44.322] [32mINFO[39m (63420): [36mrequest completed[39m
    [35mreqId[39m: "req-r"
    [35mres[39m: {
      "statusCode": 200
    }
    [35mresponseTime[39m: 91.74276200006716
[21:11:44.322] [32mINFO[39m (63420): [36mrequest completed[39m
    [35mreqId[39m: "req-s"
    [35mres[39m: {
      "statusCode": 200
    }
    [35mresponseTime[39m: 90.58114600018598
[21:11:44.322] [32mINFO[39m (63420): [36mrequest completed[39m
    [35mreqId[39m: "req-t"
    [35mres[39m: {
      "statusCode": 200
    }
    [35mresponseTime[39m: 89.42861499986611
[21:11:44.323] [32mINFO[39m (63420): [36mrequest completed[39m
    [35mreqId[39m: "req-u"
    [35mres[39m: {
      "statusCode": 200
    }
    [35mresponseTime[39m: 88.35012100008316
[21:11:44.323] [32mINFO[39m (63420): [36mrequest completed[39m
    [35mreqId[39m: "req-v"
    [35mres[39m: {
      "statusCode": 200
    }
    [35mresponseTime[39m: 87.28179200016893
[21:11:44.323] [32mINFO[39m (63420): [36mrequest completed[39m
    [35mreqId[39m: "req-w"
    [35mres[39m: {
      "statusCode": 200
    }
    [35mresponseTime[39m: 86.17763000004925
[21:11:44.323] [32mINFO[39m (63420): [36mrequest completed[39m
    [35mreqId[39m: "req-x"
    [35mres[39m: {
      "statusCode": 200
    }
    [35mresponseTime[39m: 85.21158199990168
[21:11:44.323] [32mINFO[39m (63420): [36mrequest completed[39m
    [35mreqId[39m: "req-y"
    [35mres[39m: {
      "statusCode": 200
    }
    [35mresponseTime[39m: 84.1253569999244
[21:11:44.323] [32mINFO[39m (63420): [36mrequest completed[39m
    [35mreqId[39m: "req-z"
    [35mres[39m: {
      "statusCode": 200
    }
    [35mresponseTime[39m: 83.02421199996024
[21:11:44.323] [32mINFO[39m (63420): [36mrequest completed[39m
    [35mreqId[39m: "req-10"
    [35mres[39m: {
      "statusCode": 200
    }
    [35mresponseTime[39m: 81.76723100012168
[21:11:44.323] [32mINFO[39m (63420): [36mrequest completed[39m
    [35mreqId[39m: "req-11"
    [35mres[39m: {
      "statusCode": 200
    }
    [35mresponseTime[39m: 80.59595900005661
[21:11:44.324] [32mINFO[39m (63420): [36mrequest completed[39m
    [35mreqId[39m: "req-12"
    [35mres[39m: {
      "statusCode": 200
    }
    [35mresponseTime[39m: 79.43352199997753
[21:11:44.324] [32mINFO[39m (63420): [36mrequest completed[39m
    [35mreqId[39m: "req-13"
    [35mres[39m: {
      "statusCode": 200
    }
    [35mresponseTime[39m: 78.45765800005756
[21:11:44.324] [32mINFO[39m (63420): [36mrequest completed[39m
    [35mreqId[39m: "req-14"
    [35mres[39m: {
      "statusCode": 200
    }
    [35mresponseTime[39m: 77.45959100010805
[21:11:44.324] [32mINFO[39m (63420): [36mrequest completed[39m
    [35mreqId[39m: "req-15"
    [35mres[39m: {
      "statusCode": 200
    }
    [35mresponseTime[39m: 76.51059200009331
[21:11:44.324] [32mINFO[39m (63420): [36mrequest completed[39m
    [35mreqId[39m: "req-16"
    [35mres[39m: {
      "statusCode": 200
    }
    [35mresponseTime[39m: 71.62389000016265
[21:11:44.324] [32mINFO[39m (63420): [36mrequest completed[39m
    [35mreqId[39m: "req-17"
    [35mres[39m: {
      "statusCode": 200
    }
    [35mresponseTime[39m: 70.80202599987388
[21:11:44.324] [32mINFO[39m (63420): [36mrequest completed[39m
    [35mreqId[39m: "req-18"
    [35mres[39m: {
      "statusCode": 200
    }
    [35mresponseTime[39m: 70.00133200013079
[21:11:44.325] [32mINFO[39m (63420): [36mrequest completed[39m
    [35mreqId[39m: "req-19"
    [35mres[39m: {
      "statusCode": 200
    }
    [35mresponseTime[39m: 69.1999590001069
[21:11:44.325] [32mINFO[39m (63420): [36mrequest completed[39m
    [35mreqId[39m: "req-1a"
    [35mres[39m: {
      "statusCode": 200
    }
    [35mresponseTime[39m: 68.30854799994268
[21:11:44.325] [32mINFO[39m (63420): [36mrequest completed[39m
    [35mreqId[39m: "req-1b"
    [35mres[39m: {
      "statusCode": 200
    }
    [35mresponseTime[39m: 67.49526200001128
[21:11:44.328] [32mINFO[39m (63420): [36mrequest completed[39m
    [35mreqId[39m: "req-1d"
    [35mres[39m: {
      "statusCode": 200
    }
    [35mresponseTime[39m: 64.64532599993981
[21:11:44.328] [32mINFO[39m (63420): [36mrequest completed[39m
    [35mreqId[39m: "req-1e"
    [35mres[39m: {
      "statusCode": 200
    }
    [35mresponseTime[39m: 63.780871000140905
[21:11:44.328] [32mINFO[39m (63420): [36mrequest completed[39m
    [35mreqId[39m: "req-1f"
    [35mres[39m: {
      "statusCode": 200
    }
    [35mresponseTime[39m: 63.04387900000438
[21:11:44.328] [32mINFO[39m (63420): [36mrequest completed[39m
    [35mreqId[39m: "req-1g"
    [35mres[39m: {
      "statusCode": 200
    }
    [35mresponseTime[39m: 62.30520000006072
[21:11:44.329] [32mINFO[39m (63420): [36mrequest completed[39m
    [35mreqId[39m: "req-1h"
    [35mres[39m: {
      "statusCode": 200
    }
    [35mresponseTime[39m: 61.565600000089034
[21:11:44.329] [32mINFO[39m (63420): [36mrequest completed[39m
    [35mreqId[39m: "req-1c"
    [35mres[39m: {
      "statusCode": 200
    }
    [35mresponseTime[39m: 66.27012300002389
[21:11:44.329] [32mINFO[39m (63420): [36mrequest completed[39m
    [35mreqId[39m: "req-1i"
    [35mres[39m: {
      "statusCode": 200
    }
    [35mresponseTime[39m: 60.77735799993388
[21:11:44.329] [32mINFO[39m (63420): [36mrequest completed[39m
    [35mreqId[39m: "req-1j"
    [35mres[39m: {
      "statusCode": 200
    }
    [35mresponseTime[39m: 60.041670999955386
[21:11:44.329] [32mINFO[39m (63420): [36mrequest completed[39m
    [35mreqId[39m: "req-1k"
    [35mres[39m: {
      "statusCode": 200
    }
    [35mresponseTime[39m: 59.316033999901265
[21:11:44.329] [32mINFO[39m (63420): [36mrequest completed[39m
    [35mreqId[39m: "req-1l"
    [35mres[39m: {
      "statusCode": 200
    }
    [35mresponseTime[39m: 58.53460199991241
[21:11:44.329] [32mINFO[39m (63420): [36mrequest completed[39m
    [35mreqId[39m: "req-1m"
    [35mres[39m: {
      "statusCode": 200
    }
    [35mresponseTime[39m: 57.75598799996078
[21:11:44.329] [32mINFO[39m (63420): [36mrequest completed[39m
    [35mreqId[39m: "req-1n"
    [35mres[39m: {
      "statusCode": 200
    }
    [35mresponseTime[39m: 56.850452000042424
[21:11:44.329] [32mINFO[39m (63420): [36mrequest completed[39m
    [35mreqId[39m: "req-1o"
    [35mres[39m: {
      "statusCode": 200
    }
    [35mresponseTime[39m: 56.011746999807656
[21:11:44.330] [32mINFO[39m (63420): [36mrequest completed[39m
    [35mreqId[39m: "req-1p"
    [35mres[39m: {
      "statusCode": 200
    }
    [35mresponseTime[39m: 55.216464000055566
[21:11:44.330] [32mINFO[39m (63420): [36mrequest completed[39m
    [35mreqId[39m: "req-1q"
    [35mres[39m: {
      "statusCode": 200
    }
    [35mresponseTime[39m: 54.42030500015244
[21:11:44.330] [32mINFO[39m (63420): [36mrequest completed[39m
    [35mreqId[39m: "req-1r"
    [35mres[39m: {
      "statusCode": 200
    }
    [35mresponseTime[39m: 53.5325849999208
[21:11:44.330] [32mINFO[39m (63420): [36mrequest completed[39m
    [35mreqId[39m: "req-1s"
    [35mres[39m: {
      "statusCode": 200
    }
    [35mresponseTime[39m: 52.755255999974906
[21:11:44.330] [32mINFO[39m (63420): [36mrequest completed[39m
    [35mreqId[39m: "req-1t"
    [35mres[39m: {
      "statusCode": 200
    }
    [35mresponseTime[39m: 51.998435999965295
[21:11:44.330] [32mINFO[39m (63420): [36mrequest completed[39m
    [35mreqId[39m: "req-1u"
    [35mres[39m: {
      "statusCode": 200
    }
    [35mresponseTime[39m: 51.26285500009544
[21:11:44.330] [32mINFO[39m (63420): [36mrequest completed[39m
    [35mreqId[39m: "req-1v"
    [35mres[39m: {
      "statusCode": 200
    }
    [35mresponseTime[39m: 50.38821900007315
[21:11:44.330] [32mINFO[39m (63420): [36mrequest completed[39m
    [35mreqId[39m: "req-1w"
    [35mres[39m: {
      "statusCode": 200
    }
    [35mresponseTime[39m: 49.58155000000261
[21:11:44.330] [32mINFO[39m (63420): [36mrequest completed[39m
    [35mreqId[39m: "req-1x"
    [35mres[39m: {
      "statusCode": 200
    }
    [35mresponseTime[39m: 48.71948500000872
[21:11:44.331] [32mINFO[39m (63420): [36mrequest completed[39m
    [35mreqId[39m: "req-1y"
    [35mres[39m: {
      "statusCode": 200
    }
    [35mresponseTime[39m: 47.694513000082225
[21:11:44.331] [32mINFO[39m (63420): [36mrequest completed[39m
    [35mreqId[39m: "req-1z"
    [35mres[39m: {
      "statusCode": 200
    }
    [35mresponseTime[39m: 46.4633249999024
[21:11:44.331] [32mINFO[39m (63420): [36mrequest completed[39m
    [35mreqId[39m: "req-20"
    [35mres[39m: {
      "statusCode": 200
    }
    [35mresponseTime[39m: 45.32250200002454
[21:11:44.331] [32mINFO[39m (63420): [36mrequest completed[39m
    [35mreqId[39m: "req-21"
    [35mres[39m: {
      "statusCode": 200
    }
    [35mresponseTime[39m: 44.315788000123575
[21:11:44.331] [32mINFO[39m (63420): [36mrequest completed[39m
    [35mreqId[39m: "req-22"
    [35mres[39m: {
      "statusCode": 200
    }
    [35mresponseTime[39m: 43.290970999980345
[21:11:44.331] [32mINFO[39m (63420): [36mrequest completed[39m
    [35mreqId[39m: "req-24"
    [35mres[39m: {
      "statusCode": 200
    }
    [35mresponseTime[39m: 35.92203400004655
[21:11:44.331] [32mINFO[39m (63420): [36mrequest completed[39m
    [35mreqId[39m: "req-25"
    [35mres[39m: {
      "statusCode": 200
    }
    [35mresponseTime[39m: 35.052680999971926
[21:11:44.331] [32mINFO[39m (63420): [36mrequest completed[39m
    [35mreqId[39m: "req-26"
    [35mres[39m: {
      "statusCode": 200
    }
    [35mresponseTime[39m: 34.27396999998018
[21:11:44.331] [32mINFO[39m (63420): [36mrequest completed[39m
    [35mreqId[39m: "req-23"
    [35mres[39m: {
      "statusCode": 200
    }
    [35mresponseTime[39m: 42.57910900004208
[21:11:44.331] [32mINFO[39m (63420): [36mrequest completed[39m
    [35mreqId[39m: "req-27"
    [35mres[39m: {
      "statusCode": 200
    }
    [35mresponseTime[39m: 33.66467700013891
[21:11:44.332] [32mINFO[39m (63420): [36mrequest completed[39m
    [35mreqId[39m: "req-28"
    [35mres[39m: {
      "statusCode": 200
    }
    [35mresponseTime[39m: 32.88443199987523
[21:11:44.332] [32mINFO[39m (63420): [36mrequest completed[39m
    [35mreqId[39m: "req-29"
    [35mres[39m: {
      "statusCode": 200
    }
    [35mresponseTime[39m: 32.1980039998889
[21:11:44.332] [32mINFO[39m (63420): [36mrequest completed[39m
    [35mreqId[39m: "req-2a"
    [35mres[39m: {
      "statusCode": 200
    }
    [35mresponseTime[39m: 31.427251999964938
[21:11:44.332] [32mINFO[39m (63420): [36mrequest completed[39m
    [35mreqId[39m: "req-2b"
    [35mres[39m: {
      "statusCode": 200
    }
    [35mresponseTime[39m: 30.697112999856472
[21:11:44.332] [32mINFO[39m (63420): [36mrequest completed[39m
    [35mreqId[39m: "req-2c"
    [35mres[39m: {
      "statusCode": 200
    }
    [35mresponseTime[39m: 30.011091999942437
[21:11:44.332] [32mINFO[39m (63420): [36mrequest completed[39m
    [35mreqId[39m: "req-2d"
    [35mres[39m: {
      "statusCode": 200
    }
    [35mresponseTime[39m: 29.294104000087827
[21:11:44.332] [32mINFO[39m (63420): [36mrequest completed[39m
    [35mreqId[39m: "req-2e"
    [35mres[39m: {
      "statusCode": 200
    }
    [35mresponseTime[39m: 28.352821999927983
[21:11:44.332] [32mINFO[39m (63420): [36mrequest completed[39m
    [35mreqId[39m: "req-2f"
    [35mres[39m: {
      "statusCode": 200
    }
    [35mresponseTime[39m: 27.612794999964535
[21:11:44.333] [32mINFO[39m (63420): [36mrequest completed[39m
    [35mreqId[39m: "req-2g"
    [35mres[39m: {
      "statusCode": 200
    }
    [35mresponseTime[39m: 26.852152000181377
[21:11:44.333] [32mINFO[39m (63420): [36mrequest completed[39m
    [35mreqId[39m: "req-2h"
    [35mres[39m: {
      "statusCode": 200
    }
    [35mresponseTime[39m: 26.121689999941736
[21:11:44.333] [32mINFO[39m (63420): [36mrequest completed[39m
    [35mreqId[39m: "req-2i"
    [35mres[39m: {
      "statusCode": 200
    }
    [35mresponseTime[39m: 25.32668299996294
[21:11:44.333] [32mINFO[39m (63420): [36mrequest completed[39m
    [35mreqId[39m: "req-2j"
    [35mres[39m: {
      "statusCode": 200
    }
    [35mresponseTime[39m: 24.484731999924406
[21:11:44.333] [32mINFO[39m (63420): [36mrequest completed[39m
    [35mreqId[39m: "req-2k"
    [35mres[39m: {
      "statusCode": 200
    }
    [35mresponseTime[39m: 23.735753000015393
[21:11:44.333] [32mINFO[39m (63420): [36mrequest completed[39m
    [35mreqId[39m: "req-2l"
    [35mres[39m: {
      "statusCode": 200
    }
    [35mresponseTime[39m: 23.014436000026762
[21:11:44.333] [32mINFO[39m (63420): [36mrequest completed[39m
    [35mreqId[39m: "req-2m"
    [35mres[39m: {
      "statusCode": 200
    }
    [35mresponseTime[39m: 22.31167299998924
[21:11:44.333] [32mINFO[39m (63420): [36mrequest completed[39m
    [35mreqId[39m: "req-2n"
    [35mres[39m: {
      "statusCode": 200
    }
    [35mresponseTime[39m: 21.498144999844953
[21:11:44.333] [32mINFO[39m (63420): [36mrequest completed[39m
    [35mreqId[39m: "req-2o"
    [35mres[39m: {
      "statusCode": 200
    }
    [35mresponseTime[39m: 20.729593999916688
[21:11:44.333] [32mINFO[39m (63420): [36mrequest completed[39m
    [35mreqId[39m: "req-2p"
    [35mres[39m: {
      "statusCode": 200
    }
    [35mresponseTime[39m: 19.97104899981059
[21:11:44.334] [32mINFO[39m (63420): [36mrequest completed[39m
    [35mreqId[39m: "req-2q"
    [35mres[39m: {
      "statusCode": 200
    }
    [35mresponseTime[39m: 19.16881199995987
[21:11:44.334] [32mINFO[39m (63420): [36mrequest completed[39m
    [35mreqId[39m: "req-2r"
    [35mres[39m: {
      "statusCode": 200
    }
    [35mresponseTime[39m: 18.383140000049025
[21:11:44.334] [32mINFO[39m (63420): [36mrequest completed[39m
    [35mreqId[39m: "req-2s"
    [35mres[39m: {
      "statusCode": 200
    }
    [35mresponseTime[39m: 17.511426999932155
[21:11:44.334] [32mINFO[39m (63420): [36mrequest completed[39m
    [35mreqId[39m: "req-2t"
    [35mres[39m: {
      "statusCode": 200
    }
    [35mresponseTime[39m: 16.715037000132725
